<?xml version="1.0" encoding="UTF-8"?>
<!-- Generated by org.testng.reporters.JUnitReportReporter -->
<testsuite hostname="DESKTOP-2F2EII0" failures="0" tests="4" name="logIn.NegativeLogInTest" time="21.916" errors="0" timestamp="2022-05-26T00:42:43 EDT" skipped="0">
  <testcase classname="logIn.NegativeLogInTest" name="negativeLoginTest" time="5.279"/>
  <system-out/>
  <testcase classname="logIn.NegativeLogInTest" name="negativeLoginTest" time="5.694"/>
  <system-out/>
  <testcase classname="logIn.NegativeLogInTest" name="negativeLoginTest" time="5.619"/>
  <system-out/>
  <testcase classname="logIn.NegativeLogInTest" name="negativeLoginTest" time="5.324"/>
  <system-out/>
</testsuite> <!-- logIn.NegativeLogInTest -->
