<?xml version="1.0" encoding="UTF-8"?>
<!-- Generated by org.testng.reporters.JUnitReportReporter -->
<testsuite hostname="DESKTOP-2F2EII0" failures="0" tests="6" name="Kanlaya_51TestCaseTests.RegisterPageTest" time="0.006" errors="1" timestamp="2022-05-27T21:34:24 EDT" skipped="5">
  <testcase classname="Kanlaya_51TestCaseTests.RegisterPageTest" name="beforeMethod" time="0.006">
    <error message="Unresolved compilation problems: 
	Syntax error, insert &quot;}&quot; to complete MethodBody
	Syntax error, insert &quot;}&quot; to complete ClassBody
" type="java.lang.Error">
      <![CDATA[java.lang.Error: Unresolved compilation problems: 
Syntax error, insert "}" to complete MethodBody
Syntax error, insert "}" to complete ClassBody

at Kanlaya_51TestCasePages.PageObject.<init>(PageObject.java:192)
at Kanlaya_51TestCaseTests.RegisterPageTest.beforeMethod(RegisterPageTest.java:20)
at java.base/jdk.internal.reflect.NativeMethodAccessorImpl.invoke0(Native Method)
at java.base/jdk.internal.reflect.NativeMethodAccessorImpl.invoke(NativeMethodAccessorImpl.java:62)
at java.base/jdk.internal.reflect.DelegatingMethodAccessorImpl.invoke(DelegatingMethodAccessorImpl.java:43)
at java.base/java.lang.reflect.Method.invoke(Method.java:566)
at org.testng.internal.invokers.MethodInvocationHelper.invokeMethod(MethodInvocationHelper.java:135)
at org.testng.internal.invokers.MethodInvocationHelper.invokeMethodConsideringTimeout(MethodInvocationHelper.java:65)
at org.testng.internal.invokers.ConfigInvoker.invokeConfigurationMethod(ConfigInvoker.java:381)
at org.testng.internal.invokers.ConfigInvoker.invokeConfigurations(ConfigInvoker.java:319)
at org.testng.internal.invokers.TestInvoker.runConfigMethods(TestInvoker.java:803)
at org.testng.internal.invokers.TestInvoker.invokeMethod(TestInvoker.java:589)
at org.testng.internal.invokers.TestInvoker.invokeTestMethod(TestInvoker.java:220)
at org.testng.internal.invokers.MethodRunner.runInSequence(MethodRunner.java:50)
at org.testng.internal.invokers.TestInvoker$MethodInvocationAgent.invoke(TestInvoker.java:945)
at org.testng.internal.invokers.TestInvoker.invokeTestMethods(TestInvoker.java:193)
at org.testng.internal.invokers.TestMethodWorker.invokeTestMethods(TestMethodWorker.java:146)
at org.testng.internal.invokers.TestMethodWorker.run(TestMethodWorker.java:128)
at java.base/java.util.ArrayList.forEach(ArrayList.java:1541)
at org.testng.TestRunner.privateRun(TestRunner.java:808)
at org.testng.TestRunner.run(TestRunner.java:603)
at org.testng.SuiteRunner.runTest(SuiteRunner.java:429)
at org.testng.SuiteRunner.runSequentially(SuiteRunner.java:423)
at org.testng.SuiteRunner.privateRun(SuiteRunner.java:383)
at org.testng.SuiteRunner.run(SuiteRunner.java:326)
at org.testng.SuiteRunnerWorker.runSuite(SuiteRunnerWorker.java:52)
at org.testng.SuiteRunnerWorker.run(SuiteRunnerWorker.java:95)
at org.testng.TestNG.runSuitesSequentially(TestNG.java:1249)
at org.testng.TestNG.runSuitesLocally(TestNG.java:1169)
at org.testng.TestNG.runSuites(TestNG.java:1092)
at org.testng.TestNG.run(TestNG.java:1060)
at org.testng.remote.AbstractRemoteTestNG.run(AbstractRemoteTestNG.java:115)
at org.testng.remote.RemoteTestNG.initAndRun(RemoteTestNG.java:251)
at org.testng.remote.RemoteTestNG.main(RemoteTestNG.java:77)
]]>
    </error>
  </testcase> <!-- beforeMethod -->
  <system-out/>
  <testcase classname="Kanlaya_51TestCaseTests.RegisterPageTest" name="validRegister" time="0.000">
    <skipped/>
  </testcase> <!-- validRegister -->
  <system-out/>
  <testcase classname="Kanlaya_51TestCaseTests.RegisterPageTest" name="registerInvalidEmailID" time="0.000">
    <skipped/>
  </testcase> <!-- registerInvalidEmailID -->
  <system-out/>
  <testcase classname="Kanlaya_51TestCaseTests.RegisterPageTest" name="registerEmptyEmail" time="0.000">
    <skipped/>
  </testcase> <!-- registerEmptyEmail -->
  <system-out/>
  <testcase classname="Kanlaya_51TestCaseTests.RegisterPageTest" name="registerEmptyPassword" time="0.000">
    <skipped/>
  </testcase> <!-- registerEmptyPassword -->
  <system-out/>
  <testcase classname="Kanlaya_51TestCaseTests.RegisterPageTest" name="registerEmptyEmailAndPassword" time="0.000">
    <skipped/>
  </testcase> <!-- registerEmptyEmailAndPassword -->
  <system-out/>
</testsuite> <!-- Kanlaya_51TestCaseTests.RegisterPageTest -->
