<?xml version="1.0" encoding="UTF-8"?>
<!-- Generated by org.testng.reporters.JUnitReportReporter -->
<testsuite hostname="DESKTOP-2F2EII0" failures="0" tests="8" name="Kanlaya_51TestCaseTests.LoginPageTest" time="95.418" errors="0" timestamp="2022-05-27T16:24:06 EDT" skipped="0">
  <testcase classname="Kanlaya_51TestCaseTests.LoginPageTest" name="validLogin" time="12.137"/>
  <system-out/>
  <testcase classname="Kanlaya_51TestCaseTests.LoginPageTest" name="incorrectUsernameIncorrectPasswordLogin" time="12.878"/>
  <system-out/>
  <testcase classname="Kanlaya_51TestCaseTests.LoginPageTest" name="correctUsernameEmptyPasswordLogin" time="16.452"/>
  <system-out/>
  <testcase classname="Kanlaya_51TestCaseTests.LoginPageTest" name="emptyUsernamecorrectPasswordLogin" time="13.415"/>
  <system-out/>
  <testcase classname="Kanlaya_51TestCaseTests.LoginPageTest" name="emptyUsernameEmptyPasswordLogin" time="9.330"/>
  <system-out/>
  <testcase classname="Kanlaya_51TestCaseTests.LoginPageTest" name="verifyPasswordShouldBeMasked" time="8.627"/>
  <system-out/>
  <testcase classname="Kanlaya_51TestCaseTests.LoginPageTest" name="verifyCaseSensitiveLogin" time="9.925"/>
  <system-out/>
  <testcase classname="Kanlaya_51TestCaseTests.LoginPageTest" name="verifyAuthenticationLogin" time="12.654"/>
  <system-out/>
</testsuite> <!-- Kanlaya_51TestCaseTests.LoginPageTest -->
