<?xml version="1.0" encoding="UTF-8"?>
<!-- Generated by org.testng.reporters.JUnitReportReporter -->
<testsuite hostname="DESKTOP-2F2EII0" failures="0" tests="8" name="Kanlaya_51TestCaseTests.MyAccountTests" time="72.826" errors="0" timestamp="2022-06-01T00:26:39 EDT" skipped="0">
  <testcase classname="Kanlaya_51TestCaseTests.MyAccountTests" name="myAccountsDashboard" time="8.785"/>
  <system-out/>
  <testcase classname="Kanlaya_51TestCaseTests.MyAccountTests" name="myAccountsOders" time="6.996"/>
  <system-out/>
  <testcase classname="Kanlaya_51TestCaseTests.MyAccountTests" name="myAccountsOder_Customer_BillingAddess_Details" time="11.284"/>
  <system-out/>
  <testcase classname="Kanlaya_51TestCaseTests.MyAccountTests" name="viewAccountViewOrderNumber_StatusOrder" time="8.643"/>
  <system-out/>
  <testcase classname="Kanlaya_51TestCaseTests.MyAccountTests" name="myAccountAddressFunctionality" time="7.884"/>
  <system-out/>
  <testcase classname="Kanlaya_51TestCaseTests.MyAccountTests" name="myAccountEditShippingAddressFunctionality" time="17.357"/>
  <system-out/>
  <testcase classname="Kanlaya_51TestCaseTests.MyAccountTests" name="accountDetails" time="7.409"/>
  <system-out/>
  <testcase classname="Kanlaya_51TestCaseTests.MyAccountTests" name="logOut" time="4.468"/>
  <system-out/>
</testsuite> <!-- Kanlaya_51TestCaseTests.MyAccountTests -->
