<?xml version="1.0" encoding="UTF-8"?>
<!-- Generated by org.testng.reporters.JUnitReportReporter -->
<testsuite hostname="DESKTOP-2F2EII0" failures="0" tests="11" name="Kanlaya_51TestCaseTests.ShopTests" time="80.728" errors="0" timestamp="2022-06-11T00:50:11 EDT" skipped="0">
  <testcase classname="Kanlaya_51TestCaseTests.ShopTests" name="ShopFilterByPriceFunctionality" time="4.499"/>
  <system-out/>
  <testcase classname="Kanlaya_51TestCaseTests.ShopTests" name="ShopProductCategoriesFunctionality" time="6.281"/>
  <system-out/>
  <testcase classname="Kanlaya_51TestCaseTests.ShopTests" name="ShopSortingByPopularityFunctionality" time="19.711"/>
  <system-out/>
  <testcase classname="Kanlaya_51TestCaseTests.ShopTests" name="shopSortingByAverageRatingsFunctionality" time="4.343"/>
  <system-out/>
  <testcase classname="Kanlaya_51TestCaseTests.ShopTests" name="shopSortingByNewnessFunctionality" time="3.393"/>
  <system-out/>
  <testcase classname="Kanlaya_51TestCaseTests.ShopTests" name="shopSortingByLowToHighFunctionality" time="3.365"/>
  <system-out/>
  <testcase classname="Kanlaya_51TestCaseTests.ShopTests" name="shopSortingByHighToLowFunctionality" time="3.595"/>
  <system-out/>
  <testcase classname="Kanlaya_51TestCaseTests.ShopTests" name="ShopReadMoreFunctionality" time="3.199"/>
  <system-out/>
  <testcase classname="Kanlaya_51TestCaseTests.ShopTests" name="ShopSaleFunctionality" time="4.156"/>
  <system-out/>
  <testcase classname="Kanlaya_51TestCaseTests.ShopTests" name="ShopAddtoBasketViewBasketFunctionality" time="14.982"/>
  <system-out/>
  <testcase classname="Kanlaya_51TestCaseTests.ShopTests" name="ShopAddtoBasketViewBasketthroughItemlink" time="13.204"/>
  <system-out/>
</testsuite> <!-- Kanlaya_51TestCaseTests.ShopTests -->
