<?xml version="1.0" encoding="UTF-8"?>
<!-- Generated by org.testng.reporters.JUnitReportReporter -->
<testsuite hostname="DESKTOP-2F2EII0" failures="0" tests="1" name="Kanlaya_51TestCaseTests.HomePageTests" time="116.445" errors="0" timestamp="2022-06-11T00:20:45 EDT" skipped="0">
  <testcase classname="Kanlaya_51TestCaseTests.HomePageTests" name="HomeArrivalsAddtoBasketItemsCheckoutPaymentGatewayPlaceorder" time="116.445"/>
  <system-out/>
</testsuite> <!-- Kanlaya_51TestCaseTests.HomePageTests -->
