<?xml version="1.0" encoding="UTF-8"?>
<!-- Generated by org.testng.reporters.JUnitReportReporter -->
<testsuite hostname="DESKTOP-2F2EII0" failures="0" tests="4" name="logIn.LogInTests" time="23.291" errors="0" timestamp="2022-05-21T17:21:42 EDT" skipped="0">
  <testcase classname="logIn.LogInTests" name="negativeLoginTest" time="5.623"/>
  <system-out/>
  <testcase classname="logIn.LogInTests" name="negativeLoginTest" time="6.283"/>
  <system-out/>
  <testcase classname="logIn.LogInTests" name="negativeLoginTest" time="5.703"/>
  <system-out/>
  <testcase classname="logIn.LogInTests" name="negativeLoginTest" time="5.682"/>
  <system-out/>
</testsuite> <!-- logIn.LogInTests -->
