<?xml version="1.0" encoding="UTF-8"?>
<!-- Generated by org.testng.reporters.JUnitReportReporter -->
<testsuite hostname="DESKTOP-2F2EII0" failures="0" tests="5" name="Kanlaya_51TestCaseTests.MyAccountRegistrationTests" time="25.432" errors="0" timestamp="2022-05-31T21:35:21 EDT" skipped="0">
  <testcase classname="Kanlaya_51TestCaseTests.MyAccountRegistrationTests" name="validRegister" time="4.754"/>
  <system-out/>
  <testcase classname="Kanlaya_51TestCaseTests.MyAccountRegistrationTests" name="registerInvalidEmailID" time="5.282"/>
  <system-out/>
  <testcase classname="Kanlaya_51TestCaseTests.MyAccountRegistrationTests" name="registerEmptyEmail" time="5.393"/>
  <system-out/>
  <testcase classname="Kanlaya_51TestCaseTests.MyAccountRegistrationTests" name="registerEmptyPassword" time="5.239"/>
  <system-out/>
  <testcase classname="Kanlaya_51TestCaseTests.MyAccountRegistrationTests" name="registerEmptyEmailAndPassword" time="4.764"/>
  <system-out/>
</testsuite> <!-- Kanlaya_51TestCaseTests.MyAccountRegistrationTests -->
