<?xml version="1.0" encoding="UTF-8"?>
<!-- Generated by org.testng.reporters.JUnitReportReporter -->
<testsuite hostname="DESKTOP-2F2EII0" failures="0" tests="1" name="Kanlaya_51TestCaseTests.ShopTests" time="14.386" errors="0" timestamp="2022-06-19T15:53:29 EDT" skipped="0">
  <testcase classname="Kanlaya_51TestCaseTests.ShopTests" name="RoamingTax" time="14.386"/>
  <system-out/>
</testsuite> <!-- Kanlaya_51TestCaseTests.ShopTests -->
