<?xml version="1.0" encoding="UTF-8"?>
<!-- Generated by org.testng.reporters.JUnitReportReporter -->
<testsuite hostname="DESKTOP-2F2EII0" failures="0" tests="1" name="logIn.DependsOnTestCaseForLogIn$DependsOnTestCaseForLogin" time="14.053" errors="0" timestamp="2022-05-20T21:31:23 EDT" skipped="0">
  <testcase classname="logIn.DependsOnTestCaseForLogIn$DependsOnTestCaseForLogin" name="positiveLogInTests" time="14.053"/>
  <system-out/>
</testsuite> <!-- logIn.DependsOnTestCaseForLogIn$DependsOnTestCaseForLogin -->
