<?xml version="1.0" encoding="UTF-8"?>
<!-- Generated by org.testng.reporters.JUnitReportReporter -->
<testsuite hostname="DESKTOP-2F2EII0" failures="0" tests="8" name="Kanlaya_51TestCaseTests.MyAccountLoginTests" time="22.271" errors="0" timestamp="2022-06-11T00:52:33 EDT" skipped="0">
  <testcase classname="Kanlaya_51TestCaseTests.MyAccountLoginTests" name="LoginPasswordShouldBeMasked" time="1.127"/>
  <system-out/>
  <testcase classname="Kanlaya_51TestCaseTests.MyAccountLoginTests" name="LoginHandlesCaseSensitive" time="4.431"/>
  <system-out/>
  <testcase classname="Kanlaya_51TestCaseTests.MyAccountLoginTests" name="LoginWithEmptyUsernameAndValidPassword" time="1.965"/>
  <system-out/>
  <testcase classname="Kanlaya_51TestCaseTests.MyAccountLoginTests" name="LoginWithValidUsernameAndPassword" time="2.927"/>
  <system-out/>
  <testcase classname="Kanlaya_51TestCaseTests.MyAccountLoginTests" name="LoginWithCorrectUsernameAndEmptyPassword" time="1.844"/>
  <system-out/>
  <testcase classname="Kanlaya_51TestCaseTests.MyAccountLoginTests" name="LoginWithIncorrectUsernameAndIncorrectPassword" time="2.122"/>
  <system-out/>
  <testcase classname="Kanlaya_51TestCaseTests.MyAccountLoginTests" name="LoginAuthentication" time="5.318"/>
  <system-out/>
  <testcase classname="Kanlaya_51TestCaseTests.MyAccountLoginTests" name="LoginWithEmptyUsernameAndEmptyPassword" time="2.537"/>
  <system-out/>
</testsuite> <!-- Kanlaya_51TestCaseTests.MyAccountLoginTests -->
