<?xml version="1.0" encoding="UTF-8"?>
<!-- Generated by org.testng.reporters.JUnitReportReporter -->
<testsuite hostname="DESKTOP-2F2EII0" failures="0" tests="1" name="Kanlaya_51TestCaseTests.MyAccountPageTest" time="12.592" errors="0" timestamp="2022-05-27T21:55:43 EDT" skipped="0">
  <testcase classname="Kanlaya_51TestCaseTests.MyAccountPageTest" name="clickMyAccountText" time="12.592"/>
  <system-out/>
</testsuite> <!-- Kanlaya_51TestCaseTests.MyAccountPageTest -->
