<?xml version="1.0" encoding="UTF-8"?>
<!-- Generated by org.testng.reporters.JUnitReportReporter -->
<testsuite hostname="DESKTOP-2F2EII0" failures="0" tests="1" name="logIn.PositiveLogInTest" time="104.506" errors="0" timestamp="2022-05-26T00:42:43 EDT" skipped="0">
  <testcase classname="logIn.PositiveLogInTest" name="positiveLogInTest" time="104.506"/>
  <system-out/>
</testsuite> <!-- logIn.PositiveLogInTest -->
